{"/home/zack/Documents/GSN/client/guide-des-solutions-logicielles/packages/Webkul/Shop/src/Resources/assets/js/Pdf/generatePdf.js": {"path":"/home/zack/Documents/GSN/client/guide-des-solutions-logicielles/packages/Webkul/Shop/src/Resources/assets/js/Pdf/generatePdf.js","statementMap":{"0":{"start":{"line":5,"column":8},"end":{"line":5,"column":20}},"1":{"start":{"line":6,"column":16},"end":{"line":6,"column":27}},"2":{"start":{"line":7,"column":23},"end":{"line":12,"column":5}},"3":{"start":{"line":8,"column":25},"end":{"line":8,"column":59}},"4":{"start":{"line":9,"column":8},"end":{"line":9,"column":34}},"5":{"start":{"line":10,"column":8},"end":{"line":10,"column":40}},"6":{"start":{"line":11,"column":8},"end":{"line":11,"column":30}},"7":{"start":{"line":13,"column":20},"end":{"line":13,"column":75}},"8":{"start":{"line":14,"column":23},"end":{"line":14,"column":67}},"9":{"start":{"line":16,"column":15},"end":{"line":16,"column":17}},"10":{"start":{"line":17,"column":25},"end":{"line":17,"column":27}},"11":{"start":{"line":18,"column":4},"end":{"line":18,"column":33}},"12":{"start":{"line":19,"column":4},"end":{"line":19,"column":67}},"13":{"start":{"line":20,"column":4},"end":{"line":20,"column":28}},"14":{"start":{"line":21,"column":22},"end":{"line":21,"column":58}},"15":{"start":{"line":22,"column":23},"end":{"line":22,"column":60}},"16":{"start":{"line":23,"column":4},"end":{"line":25,"column":5}},"17":{"start":{"line":24,"column":8},"end":{"line":24,"column":83}},"18":{"start":{"line":26,"column":4},"end":{"line":30,"column":5}},"19":{"start":{"line":27,"column":26},"end":{"line":27,"column":53}},"20":{"start":{"line":28,"column":31},"end":{"line":28,"column":49}},"21":{"start":{"line":29,"column":8},"end":{"line":29,"column":98}},"22":{"start":{"line":34,"column":23},"end":{"line":34,"column":55}},"23":{"start":{"line":35,"column":8},"end":{"line":35,"column":28}},"24":{"start":{"line":36,"column":8},"end":{"line":36,"column":29}},"25":{"start":{"line":37,"column":20},"end":{"line":37,"column":43}},"26":{"start":{"line":39,"column":8},"end":{"line":39,"column":41}},"27":{"start":{"line":40,"column":8},"end":{"line":40,"column":43}},"28":{"start":{"line":42,"column":8},"end":{"line":42,"column":24}},"29":{"start":{"line":43,"column":8},"end":{"line":54,"column":9}},"30":{"start":{"line":45,"column":12},"end":{"line":45,"column":43}},"31":{"start":{"line":46,"column":12},"end":{"line":46,"column":58}},"32":{"start":{"line":47,"column":12},"end":{"line":47,"column":50}},"33":{"start":{"line":50,"column":12},"end":{"line":50,"column":43}},"34":{"start":{"line":51,"column":12},"end":{"line":51,"column":57}},"35":{"start":{"line":52,"column":12},"end":{"line":52,"column":50}},"36":{"start":{"line":53,"column":12},"end":{"line":53,"column":50}},"37":{"start":{"line":55,"column":8},"end":{"line":55,"column":32}},"38":{"start":{"line":56,"column":8},"end":{"line":56,"column":35}},"39":{"start":{"line":57,"column":8},"end":{"line":57,"column":21}},"40":{"start":{"line":58,"column":8},"end":{"line":58,"column":34}},"41":{"start":{"line":61,"column":23},"end":{"line":61,"column":61}},"42":{"start":{"line":62,"column":19},"end":{"line":62,"column":49}},"43":{"start":{"line":63,"column":4},"end":{"line":63,"column":14}},"44":{"start":{"line":65,"column":18},"end":{"line":65,"column":20}},"45":{"start":{"line":66,"column":22},"end":{"line":66,"column":24}},"46":{"start":{"line":67,"column":23},"end":{"line":67,"column":25}},"47":{"start":{"line":68,"column":4},"end":{"line":68,"column":36}},"48":{"start":{"line":69,"column":4},"end":{"line":69,"column":54}},"49":{"start":{"line":71,"column":4},"end":{"line":82,"column":5}},"50":{"start":{"line":72,"column":23},"end":{"line":72,"column":25}},"51":{"start":{"line":73,"column":24},"end":{"line":73,"column":26}},"52":{"start":{"line":74,"column":23},"end":{"line":74,"column":39}},"53":{"start":{"line":75,"column":24},"end":{"line":75,"column":41}},"54":{"start":{"line":76,"column":26},"end":{"line":76,"column":78}},"55":{"start":{"line":77,"column":23},"end":{"line":77,"column":45}},"56":{"start":{"line":78,"column":24},"end":{"line":78,"column":47}},"57":{"start":{"line":79,"column":8},"end":{"line":79,"column":72}},"58":{"start":{"line":84,"column":4},"end":{"line":84,"column":37}},"59":{"start":{"line":85,"column":4},"end":{"line":85,"column":24}},"60":{"start":{"line":86,"column":18},"end":{"line":86,"column":36}},"61":{"start":{"line":87,"column":18},"end":{"line":87,"column":49}},"62":{"start":{"line":88,"column":4},"end":{"line":88,"column":35}},"63":{"start":{"line":90,"column":4},"end":{"line":90,"column":24}},"64":{"start":{"line":91,"column":16},"end":{"line":91,"column":52}},"65":{"start":{"line":92,"column":21},"end":{"line":92,"column":50}},"66":{"start":{"line":93,"column":25},"end":{"line":93,"column":26}},"67":{"start":{"line":94,"column":4},"end":{"line":94,"column":72}},"68":{"start":{"line":96,"column":4},"end":{"line":96,"column":42}},"69":{"start":{"line":98,"column":4},"end":{"line":98,"column":37}},"70":{"start":{"line":99,"column":4},"end":{"line":99,"column":24}},"71":{"start":{"line":100,"column":25},"end":{"line":100,"column":93}},"72":{"start":{"line":101,"column":4},"end":{"line":101,"column":37}},"73":{"start":{"line":102,"column":4},"end":{"line":102,"column":14}},"74":{"start":{"line":104,"column":4},"end":{"line":104,"column":39}},"75":{"start":{"line":105,"column":4},"end":{"line":105,"column":24}},"76":{"start":{"line":106,"column":31},"end":{"line":106,"column":74}},"77":{"start":{"line":107,"column":24},"end":{"line":107,"column":90}},"78":{"start":{"line":108,"column":29},"end":{"line":108,"column":66}},"79":{"start":{"line":109,"column":4},"end":{"line":109,"column":41}},"80":{"start":{"line":110,"column":4},"end":{"line":110,"column":58}},"81":{"start":{"line":112,"column":21},"end":{"line":112,"column":23}},"82":{"start":{"line":113,"column":25},"end":{"line":113,"column":27}},"83":{"start":{"line":115,"column":4},"end":{"line":118,"column":7}},"84":{"start":{"line":116,"column":8},"end":{"line":116,"column":50}},"85":{"start":{"line":117,"column":8},"end":{"line":117,"column":38}},"86":{"start":{"line":119,"column":4},"end":{"line":119,"column":24}},"87":{"start":{"line":120,"column":4},"end":{"line":148,"column":7}},"88":{"start":{"line":121,"column":8},"end":{"line":147,"column":9}},"89":{"start":{"line":122,"column":12},"end":{"line":122,"column":54}},"90":{"start":{"line":124,"column":26},"end":{"line":124,"column":83}},"91":{"start":{"line":125,"column":29},"end":{"line":125,"column":90}},"92":{"start":{"line":126,"column":25},"end":{"line":126,"column":86}},"93":{"start":{"line":127,"column":27},"end":{"line":127,"column":73}},"94":{"start":{"line":150,"column":21},"end":{"line":150,"column":49}},"95":{"start":{"line":151,"column":20},"end":{"line":151,"column":21}},"96":{"start":{"line":152,"column":23},"end":{"line":152,"column":24}},"97":{"start":{"line":153,"column":26},"end":{"line":153,"column":63}},"98":{"start":{"line":154,"column":22},"end":{"line":154,"column":24}},"99":{"start":{"line":155,"column":22},"end":{"line":155,"column":23}},"100":{"start":{"line":156,"column":4},"end":{"line":160,"column":7}},"101":{"start":{"line":157,"column":8},"end":{"line":159,"column":11}},"102":{"start":{"line":158,"column":12},"end":{"line":158,"column":29}},"103":{"start":{"line":166,"column":4},"end":{"line":246,"column":7}},"104":{"start":{"line":168,"column":8},"end":{"line":168,"column":45}},"105":{"start":{"line":168,"column":38},"end":{"line":168,"column":45}},"106":{"start":{"line":175,"column":8},"end":{"line":244,"column":11}},"107":{"start":{"line":180,"column":44},"end":{"line":180,"column":74}},"108":{"start":{"line":180,"column":87},"end":{"line":182,"column":13}},"109":{"start":{"line":217,"column":20},"end":{"line":217,"column":24}},"110":{"start":{"line":218,"column":16},"end":{"line":218,"column":38}},"111":{"start":{"line":219,"column":16},"end":{"line":219,"column":38}},"112":{"start":{"line":220,"column":16},"end":{"line":220,"column":66}},"113":{"start":{"line":245,"column":8},"end":{"line":245,"column":44}},"114":{"start":{"line":248,"column":19},"end":{"line":248,"column":40}},"115":{"start":{"line":249,"column":4},"end":{"line":249,"column":34}}},"fnMap":{"0":{"name":"generatePDF","decl":{"start":{"line":1,"column":24},"end":{"line":1,"column":35}},"loc":{"start":{"line":1,"column":38},"end":{"line":252,"column":1}},"line":1},"1":{"name":"(anonymous_1)","decl":{"start":{"line":7,"column":23},"end":{"line":7,"column":24}},"loc":{"start":{"line":7,"column":33},"end":{"line":12,"column":5}},"line":7},"2":{"name":"createSVGImage","decl":{"start":{"line":32,"column":13},"end":{"line":32,"column":27}},"loc":{"start":{"line":32,"column":51},"end":{"line":59,"column":5}},"line":32},"3":{"name":"(anonymous_3)","decl":{"start":{"line":115,"column":53},"end":{"line":115,"column":54}},"loc":{"start":{"line":115,"column":64},"end":{"line":118,"column":5}},"line":115},"4":{"name":"(anonymous_4)","decl":{"start":{"line":120,"column":67},"end":{"line":120,"column":68}},"loc":{"start":{"line":120,"column":78},"end":{"line":148,"column":5}},"line":120},"5":{"name":"(anonymous_5)","decl":{"start":{"line":156,"column":37},"end":{"line":156,"column":38}},"loc":{"start":{"line":156,"column":69},"end":{"line":160,"column":5}},"line":156},"6":{"name":"(anonymous_6)","decl":{"start":{"line":157,"column":28},"end":{"line":157,"column":29}},"loc":{"start":{"line":157,"column":34},"end":{"line":159,"column":9}},"line":157},"7":{"name":"(anonymous_7)","decl":{"start":{"line":166,"column":37},"end":{"line":166,"column":38}},"loc":{"start":{"line":166,"column":69},"end":{"line":246,"column":5}},"line":166},"8":{"name":"(anonymous_8)","decl":{"start":{"line":180,"column":37},"end":{"line":180,"column":38}},"loc":{"start":{"line":180,"column":44},"end":{"line":180,"column":74}},"line":180},"9":{"name":"(anonymous_9)","decl":{"start":{"line":180,"column":80},"end":{"line":180,"column":81}},"loc":{"start":{"line":180,"column":87},"end":{"line":182,"column":13}},"line":180},"10":{"name":"(anonymous_10)","decl":{"start":{"line":212,"column":25},"end":{"line":212,"column":26}},"loc":{"start":{"line":212,"column":41},"end":{"line":243,"column":13}},"line":212}},"branchMap":{"0":{"loc":{"start":{"line":13,"column":20},"end":{"line":13,"column":75}},"type":"binary-expr","locations":[{"start":{"line":13,"column":20},"end":{"line":13,"column":69}},{"start":{"line":13,"column":73},"end":{"line":13,"column":75}}],"line":13},"1":{"loc":{"start":{"line":23,"column":4},"end":{"line":25,"column":5}},"type":"if","locations":[{"start":{"line":23,"column":4},"end":{"line":25,"column":5}},{"start":{},"end":{}}],"line":23},"2":{"loc":{"start":{"line":26,"column":4},"end":{"line":30,"column":5}},"type":"if","locations":[{"start":{"line":26,"column":4},"end":{"line":30,"column":5}},{"start":{},"end":{}}],"line":26},"3":{"loc":{"start":{"line":32,"column":40},"end":{"line":32,"column":49}},"type":"default-arg","locations":[{"start":{"line":32,"column":47},"end":{"line":32,"column":49}}],"line":32},"4":{"loc":{"start":{"line":43,"column":8},"end":{"line":54,"column":9}},"type":"if","locations":[{"start":{"line":43,"column":8},"end":{"line":54,"column":9}},{"start":{"line":48,"column":15},"end":{"line":54,"column":9}}],"line":43},"5":{"loc":{"start":{"line":71,"column":4},"end":{"line":82,"column":5}},"type":"if","locations":[{"start":{"line":71,"column":4},"end":{"line":82,"column":5}},{"start":{},"end":{}}],"line":71},"6":{"loc":{"start":{"line":100,"column":36},"end":{"line":100,"column":92}},"type":"binary-expr","locations":[{"start":{"line":100,"column":36},"end":{"line":100,"column":86}},{"start":{"line":100,"column":90},"end":{"line":100,"column":92}}],"line":100},"7":{"loc":{"start":{"line":107,"column":24},"end":{"line":107,"column":90}},"type":"cond-expr","locations":[{"start":{"line":107,"column":45},"end":{"line":107,"column":85}},{"start":{"line":107,"column":88},"end":{"line":107,"column":90}}],"line":107},"8":{"loc":{"start":{"line":121,"column":8},"end":{"line":147,"column":9}},"type":"if","locations":[{"start":{"line":121,"column":8},"end":{"line":147,"column":9}},{"start":{"line":123,"column":15},"end":{"line":147,"column":9}}],"line":121},"9":{"loc":{"start":{"line":168,"column":8},"end":{"line":168,"column":45}},"type":"if","locations":[{"start":{"line":168,"column":8},"end":{"line":168,"column":45}},{"start":{},"end":{}}],"line":168},"10":{"loc":{"start":{"line":180,"column":44},"end":{"line":180,"column":74}},"type":"binary-expr","locations":[{"start":{"line":180,"column":44},"end":{"line":180,"column":50}},{"start":{"line":180,"column":54},"end":{"line":180,"column":74}}],"line":180}},"s":{"0":15,"1":15,"2":15,"3":57,"4":57,"5":57,"6":57,"7":15,"8":15,"9":15,"10":15,"11":15,"12":15,"13":15,"14":15,"15":15,"16":15,"17":3,"18":15,"19":3,"20":3,"21":3,"22":30,"23":30,"24":30,"25":30,"26":30,"27":30,"28":30,"29":30,"30":15,"31":15,"32":15,"33":15,"34":15,"35":15,"36":15,"37":30,"38":30,"39":30,"40":30,"41":15,"42":15,"43":15,"44":15,"45":15,"46":15,"47":15,"48":15,"49":15,"50":10,"51":10,"52":10,"53":10,"54":10,"55":10,"56":10,"57":10,"58":15,"59":15,"60":15,"61":15,"62":15,"63":15,"64":15,"65":15,"66":15,"67":15,"68":15,"69":15,"70":15,"71":15,"72":15,"73":15,"74":15,"75":15,"76":15,"77":15,"78":15,"79":15,"80":15,"81":15,"82":15,"83":15,"84":42,"85":42,"86":15,"87":15,"88":60,"89":30,"90":30,"91":30,"92":30,"93":30,"94":15,"95":15,"96":15,"97":15,"98":15,"99":15,"100":15,"101":42,"102":28,"103":15,"104":42,"105":14,"106":28,"107":28,"108":28,"109":1,"110":1,"111":1,"112":1,"113":28,"114":15,"115":15},"f":{"0":15,"1":57,"2":30,"3":42,"4":60,"5":42,"6":28,"7":42,"8":28,"9":28,"10":1},"b":{"0":[15,5],"1":[3,12],"2":[3,12],"3":[15],"4":[15,15],"5":[10,5],"6":[15,6],"7":[12,3],"8":[30,30],"9":[14,28],"10":[28,28]},"_coverageSchema":"1a1c01bbd47fc00a2c39e90264f33305004495a9","hash":"0783d435606074ec7d265d32114815f92781d473"}
,"/home/zack/Documents/GSN/client/guide-des-solutions-logicielles/packages/Webkul/Shop/src/Resources/assets/js/bladeScripts/navbarDesktop.js": {"path":"/home/zack/Documents/GSN/client/guide-des-solutions-logicielles/packages/Webkul/Shop/src/Resources/assets/js/bladeScripts/navbarDesktop.js","statementMap":{"0":{"start":{"line":3,"column":22},"end":{"line":3,"column":44}},"1":{"start":{"line":5,"column":17},"end":{"line":5,"column":30}},"2":{"start":{"line":6,"column":0},"end":{"line":6,"column":77}},"3":{"start":{"line":6,"column":41},"end":{"line":6,"column":77}},"4":{"start":{"line":7,"column":15},"end":{"line":7,"column":50}},"5":{"start":{"line":14,"column":4},"end":{"line":88,"column":7}},"6":{"start":{"line":15,"column":8},"end":{"line":15,"column":29}},"7":{"start":{"line":16,"column":8},"end":{"line":16,"column":27}},"8":{"start":{"line":17,"column":8},"end":{"line":17,"column":29}},"9":{"start":{"line":19,"column":8},"end":{"line":87,"column":15}},"10":{"start":{"line":20,"column":30},"end":{"line":20,"column":45}},"11":{"start":{"line":22,"column":29},"end":{"line":22,"column":69}},"12":{"start":{"line":23,"column":32},"end":{"line":23,"column":76}},"13":{"start":{"line":24,"column":16},"end":{"line":24,"column":36}},"14":{"start":{"line":25,"column":16},"end":{"line":25,"column":39}},"15":{"start":{"line":27,"column":16},"end":{"line":37,"column":17}},"16":{"start":{"line":28,"column":31},"end":{"line":28,"column":59}},"17":{"start":{"line":29,"column":20},"end":{"line":29,"column":52}},"18":{"start":{"line":30,"column":20},"end":{"line":30,"column":65}},"19":{"start":{"line":31,"column":20},"end":{"line":31,"column":47}},"20":{"start":{"line":32,"column":20},"end":{"line":32,"column":48}},"21":{"start":{"line":33,"column":20},"end":{"line":33,"column":68}},"22":{"start":{"line":34,"column":20},"end":{"line":34,"column":41}},"23":{"start":{"line":35,"column":20},"end":{"line":35,"column":60}},"24":{"start":{"line":36,"column":20},"end":{"line":36,"column":27}},"25":{"start":{"line":40,"column":16},"end":{"line":66,"column":19}},"26":{"start":{"line":42,"column":42},"end":{"line":42,"column":55}},"27":{"start":{"line":45,"column":37},"end":{"line":45,"column":65}},"28":{"start":{"line":46,"column":20},"end":{"line":47,"column":61}},"29":{"start":{"line":48,"column":20},"end":{"line":48,"column":71}},"30":{"start":{"line":49,"column":20},"end":{"line":49,"column":53}},"31":{"start":{"line":50,"column":20},"end":{"line":50,"column":54}},"32":{"start":{"line":53,"column":39},"end":{"line":53,"column":66}},"33":{"start":{"line":54,"column":20},"end":{"line":54,"column":51}},"34":{"start":{"line":55,"column":20},"end":{"line":55,"column":59}},"35":{"start":{"line":56,"column":20},"end":{"line":57,"column":57}},"36":{"start":{"line":60,"column":20},"end":{"line":60,"column":53}},"37":{"start":{"line":61,"column":20},"end":{"line":61,"column":47}},"38":{"start":{"line":64,"column":34},"end":{"line":64,"column":58}},"39":{"start":{"line":65,"column":20},"end":{"line":65,"column":47}},"40":{"start":{"line":69,"column":16},"end":{"line":69,"column":67}},"41":{"start":{"line":70,"column":16},"end":{"line":70,"column":36}},"42":{"start":{"line":71,"column":16},"end":{"line":71,"column":34}},"43":{"start":{"line":72,"column":16},"end":{"line":72,"column":36}},"44":{"start":{"line":74,"column":29},"end":{"line":74,"column":69}},"45":{"start":{"line":75,"column":32},"end":{"line":75,"column":76}},"46":{"start":{"line":76,"column":16},"end":{"line":76,"column":36}},"47":{"start":{"line":77,"column":16},"end":{"line":77,"column":39}},"48":{"start":{"line":79,"column":27},"end":{"line":79,"column":55}},"49":{"start":{"line":80,"column":16},"end":{"line":80,"column":56}},"50":{"start":{"line":81,"column":16},"end":{"line":81,"column":61}},"51":{"start":{"line":82,"column":16},"end":{"line":82,"column":43}},"52":{"start":{"line":83,"column":16},"end":{"line":83,"column":44}},"53":{"start":{"line":84,"column":16},"end":{"line":84,"column":77}},"54":{"start":{"line":85,"column":16},"end":{"line":85,"column":37}},"55":{"start":{"line":86,"column":16},"end":{"line":86,"column":56}}},"fnMap":{"0":{"name":"initializeCategoryMenu","decl":{"start":{"line":12,"column":16},"end":{"line":12,"column":38}},"loc":{"start":{"line":12,"column":41},"end":{"line":89,"column":1}},"line":12},"1":{"name":"(anonymous_1)","decl":{"start":{"line":14,"column":50},"end":{"line":14,"column":51}},"loc":{"start":{"line":14,"column":62},"end":{"line":88,"column":5}},"line":14},"2":{"name":"(anonymous_2)","decl":{"start":{"line":20,"column":18},"end":{"line":20,"column":19}},"loc":{"start":{"line":20,"column":30},"end":{"line":20,"column":45}},"line":20},"3":{"name":"(anonymous_3)","decl":{"start":{"line":21,"column":18},"end":{"line":21,"column":19}},"loc":{"start":{"line":21,"column":26},"end":{"line":67,"column":13}},"line":21},"4":{"name":"(anonymous_4)","decl":{"start":{"line":40,"column":34},"end":{"line":40,"column":35}},"loc":{"start":{"line":40,"column":46},"end":{"line":66,"column":17}},"line":40},"5":{"name":"(anonymous_5)","decl":{"start":{"line":68,"column":19},"end":{"line":68,"column":20}},"loc":{"start":{"line":68,"column":28},"end":{"line":87,"column":13}},"line":68}},"branchMap":{"0":{"loc":{"start":{"line":6,"column":0},"end":{"line":6,"column":77}},"type":"if","locations":[{"start":{"line":6,"column":0},"end":{"line":6,"column":77}},{"start":{},"end":{}}],"line":6},"1":{"loc":{"start":{"line":27,"column":16},"end":{"line":37,"column":17}},"type":"if","locations":[{"start":{"line":27,"column":16},"end":{"line":37,"column":17}},{"start":{},"end":{}}],"line":27}},"s":{"0":1,"1":1,"2":1,"3":1,"4":1,"5":3,"6":6,"7":6,"8":6,"9":6,"10":5,"11":3,"12":3,"13":3,"14":3,"15":3,"16":1,"17":1,"18":1,"19":1,"20":1,"21":1,"22":1,"23":1,"24":1,"25":2,"26":4,"27":4,"28":4,"29":4,"30":4,"31":4,"32":4,"33":4,"34":4,"35":4,"36":4,"37":4,"38":4,"39":4,"40":3,"41":3,"42":3,"43":3,"44":3,"45":3,"46":3,"47":3,"48":3,"49":3,"50":3,"51":3,"52":3,"53":3,"54":3,"55":3},"f":{"0":3,"1":6,"2":5,"3":3,"4":4,"5":3},"b":{"0":[1,0],"1":[1,2]},"_coverageSchema":"1a1c01bbd47fc00a2c39e90264f33305004495a9","hash":"29341f3cfe4714bc462396fc907d6717607989b6"}
,"/home/zack/Documents/GSN/client/guide-des-solutions-logicielles/packages/Webkul/Shop/src/Resources/assets/js/componenets/v-compare.js": {"path":"/home/zack/Documents/GSN/client/guide-des-solutions-logicielles/packages/Webkul/Shop/src/Resources/assets/js/componenets/v-compare.js","statementMap":{"0":{"start":{"line":4,"column":8},"end":{"line":24,"column":10}},"1":{"start":{"line":27,"column":8},"end":{"line":27,"column":24}},"2":{"start":{"line":33,"column":29},"end":{"line":33,"column":86}},"3":{"start":{"line":34,"column":12},"end":{"line":43,"column":37}},"4":{"start":{"line":40,"column":20},"end":{"line":40,"column":52}},"5":{"start":{"line":41,"column":20},"end":{"line":41,"column":41}},"6":{"start":{"line":46,"column":29},"end":{"line":46,"column":86}},"7":{"start":{"line":47,"column":12},"end":{"line":71,"column":37}},"8":{"start":{"line":53,"column":20},"end":{"line":53,"column":43}},"9":{"start":{"line":54,"column":20},"end":{"line":54,"column":78}},"10":{"start":{"line":55,"column":20},"end":{"line":55,"column":85}},"11":{"start":{"line":56,"column":20},"end":{"line":58,"column":21}},"12":{"start":{"line":57,"column":24},"end":{"line":57,"column":83}},"13":{"start":{"line":59,"column":20},"end":{"line":61,"column":21}},"14":{"start":{"line":60,"column":24},"end":{"line":60,"column":73}},"15":{"start":{"line":62,"column":20},"end":{"line":62,"column":79}},"16":{"start":{"line":63,"column":20},"end":{"line":63,"column":91}},"17":{"start":{"line":64,"column":20},"end":{"line":64,"column":79}},"18":{"start":{"line":65,"column":20},"end":{"line":65,"column":68}},"19":{"start":{"line":66,"column":20},"end":{"line":66,"column":74}},"20":{"start":{"line":67,"column":20},"end":{"line":67,"column":85}},"21":{"start":{"line":68,"column":20},"end":{"line":68,"column":93}},"22":{"start":{"line":69,"column":20},"end":{"line":69,"column":71}},"23":{"start":{"line":74,"column":12},"end":{"line":82,"column":15}},"24":{"start":{"line":76,"column":34},"end":{"line":76,"column":87}},"25":{"start":{"line":76,"column":65},"end":{"line":76,"column":86}},"26":{"start":{"line":77,"column":20},"end":{"line":77,"column":48}},"27":{"start":{"line":78,"column":32},"end":{"line":79,"column":58}},"28":{"start":{"line":79,"column":40},"end":{"line":79,"column":57}},"29":{"start":{"line":80,"column":20},"end":{"line":80,"column":81}},"30":{"start":{"line":85,"column":12},"end":{"line":95,"column":15}},"31":{"start":{"line":87,"column":20},"end":{"line":87,"column":61}},"32":{"start":{"line":88,"column":20},"end":{"line":88,"column":36}},"33":{"start":{"line":89,"column":20},"end":{"line":92,"column":23}},"34":{"start":{"line":93,"column":20},"end":{"line":93,"column":47}}},"fnMap":{"0":{"name":"(anonymous_0)","decl":{"start":{"line":3,"column":4},"end":{"line":3,"column":5}},"loc":{"start":{"line":3,"column":11},"end":{"line":25,"column":5}},"line":3},"1":{"name":"(anonymous_1)","decl":{"start":{"line":26,"column":4},"end":{"line":26,"column":5}},"loc":{"start":{"line":26,"column":14},"end":{"line":28,"column":5}},"line":26},"2":{"name":"(anonymous_2)","decl":{"start":{"line":29,"column":4},"end":{"line":29,"column":5}},"loc":{"start":{"line":29,"column":16},"end":{"line":30,"column":5}},"line":29},"3":{"name":"(anonymous_3)","decl":{"start":{"line":32,"column":8},"end":{"line":32,"column":9}},"loc":{"start":{"line":32,"column":19},"end":{"line":44,"column":9}},"line":32},"4":{"name":"(anonymous_4)","decl":{"start":{"line":39,"column":22},"end":{"line":39,"column":23}},"loc":{"start":{"line":39,"column":34},"end":{"line":42,"column":17}},"line":39},"5":{"name":"(anonymous_5)","decl":{"start":{"line":43,"column":23},"end":{"line":43,"column":24}},"loc":{"start":{"line":43,"column":32},"end":{"line":43,"column":35}},"line":43},"6":{"name":"(anonymous_6)","decl":{"start":{"line":45,"column":8},"end":{"line":45,"column":9}},"loc":{"start":{"line":45,"column":24},"end":{"line":72,"column":9}},"line":45},"7":{"name":"(anonymous_7)","decl":{"start":{"line":52,"column":22},"end":{"line":52,"column":23}},"loc":{"start":{"line":52,"column":34},"end":{"line":70,"column":17}},"line":52},"8":{"name":"(anonymous_8)","decl":{"start":{"line":71,"column":23},"end":{"line":71,"column":24}},"loc":{"start":{"line":71,"column":32},"end":{"line":71,"column":35}},"line":71},"9":{"name":"(anonymous_9)","decl":{"start":{"line":73,"column":8},"end":{"line":73,"column":9}},"loc":{"start":{"line":73,"column":26},"end":{"line":83,"column":9}},"line":73},"10":{"name":"(anonymous_10)","decl":{"start":{"line":75,"column":23},"end":{"line":75,"column":24}},"loc":{"start":{"line":75,"column":29},"end":{"line":81,"column":17}},"line":75},"11":{"name":"(anonymous_11)","decl":{"start":{"line":76,"column":55},"end":{"line":76,"column":56}},"loc":{"start":{"line":76,"column":65},"end":{"line":76,"column":86}},"line":76},"12":{"name":"(anonymous_12)","decl":{"start":{"line":79,"column":32},"end":{"line":79,"column":33}},"loc":{"start":{"line":79,"column":40},"end":{"line":79,"column":57}},"line":79},"13":{"name":"(anonymous_13)","decl":{"start":{"line":84,"column":8},"end":{"line":84,"column":9}},"loc":{"start":{"line":84,"column":20},"end":{"line":96,"column":9}},"line":84},"14":{"name":"(anonymous_14)","decl":{"start":{"line":86,"column":23},"end":{"line":86,"column":24}},"loc":{"start":{"line":86,"column":29},"end":{"line":94,"column":17}},"line":86}},"branchMap":{"0":{"loc":{"start":{"line":33,"column":40},"end":{"line":33,"column":85}},"type":"binary-expr","locations":[{"start":{"line":33,"column":40},"end":{"line":33,"column":77}},{"start":{"line":33,"column":81},"end":{"line":33,"column":85}}],"line":33},"1":{"loc":{"start":{"line":46,"column":40},"end":{"line":46,"column":85}},"type":"binary-expr","locations":[{"start":{"line":46,"column":40},"end":{"line":46,"column":77}},{"start":{"line":46,"column":81},"end":{"line":46,"column":85}}],"line":46},"2":{"loc":{"start":{"line":56,"column":20},"end":{"line":58,"column":21}},"type":"if","locations":[{"start":{"line":56,"column":20},"end":{"line":58,"column":21}},{"start":{},"end":{}}],"line":56},"3":{"loc":{"start":{"line":59,"column":20},"end":{"line":61,"column":21}},"type":"if","locations":[{"start":{"line":59,"column":20},"end":{"line":61,"column":21}},{"start":{},"end":{}}],"line":59},"4":{"loc":{"start":{"line":78,"column":43},"end":{"line":78,"column":88}},"type":"binary-expr","locations":[{"start":{"line":78,"column":43},"end":{"line":78,"column":80}},{"start":{"line":78,"column":84},"end":{"line":78,"column":88}}],"line":78}},"s":{"0":9,"1":9,"2":9,"3":9,"4":9,"5":9,"6":11,"7":11,"8":11,"9":11,"10":11,"11":11,"12":2,"13":11,"14":2,"15":11,"16":11,"17":11,"18":11,"19":11,"20":11,"21":11,"22":11,"23":3,"24":4,"25":4,"26":4,"27":4,"28":12,"29":4,"30":2,"31":1,"32":1,"33":1,"34":1},"f":{"0":9,"1":9,"2":9,"3":9,"4":9,"5":0,"6":11,"7":11,"8":0,"9":3,"10":4,"11":4,"12":12,"13":2,"14":1},"b":{"0":[9,6],"1":[11,6],"2":[2,9],"3":[2,9],"4":[4,0]},"_coverageSchema":"1a1c01bbd47fc00a2c39e90264f33305004495a9","hash":"9b7bd1a880719f966aefc223daf7edce1427b526"}
,"/home/zack/Documents/GSN/client/guide-des-solutions-logicielles/packages/Webkul/Shop/src/Resources/assets/js/componenets/v-product-card-compare.js": {"path":"/home/zack/Documents/GSN/client/guide-des-solutions-logicielles/packages/Webkul/Shop/src/Resources/assets/js/componenets/v-product-card-compare.js","statementMap":{"0":{"start":{"line":5,"column":8},"end":{"line":9,"column":9}},"1":{"start":{"line":13,"column":12},"end":{"line":13,"column":49}},"2":{"start":{"line":16,"column":31},"end":{"line":16,"column":88}},"3":{"start":{"line":17,"column":12},"end":{"line":22,"column":13}},"4":{"start":{"line":18,"column":16},"end":{"line":19,"column":72}},"5":{"start":{"line":20,"column":16},"end":{"line":20,"column":57}},"6":{"start":{"line":21,"column":16},"end":{"line":21,"column":23}},"7":{"start":{"line":23,"column":12},"end":{"line":26,"column":13}},"8":{"start":{"line":24,"column":16},"end":{"line":24,"column":107}},"9":{"start":{"line":25,"column":16},"end":{"line":25,"column":23}},"10":{"start":{"line":27,"column":12},"end":{"line":53,"column":19}},"11":{"start":{"line":31,"column":37},"end":{"line":31,"column":55}},"12":{"start":{"line":34,"column":39},"end":{"line":34,"column":85}},"13":{"start":{"line":34,"column":63},"end":{"line":34,"column":84}},"14":{"start":{"line":36,"column":45},"end":{"line":36,"column":69}},"15":{"start":{"line":37,"column":20},"end":{"line":43,"column":21}},"16":{"start":{"line":38,"column":24},"end":{"line":38,"column":73}},"17":{"start":{"line":39,"column":24},"end":{"line":39,"column":65}},"18":{"start":{"line":40,"column":24},"end":{"line":41,"column":100}},"19":{"start":{"line":42,"column":24},"end":{"line":42,"column":31}},"20":{"start":{"line":44,"column":20},"end":{"line":44,"column":49}},"21":{"start":{"line":45,"column":20},"end":{"line":45,"column":88}},"22":{"start":{"line":46,"column":20},"end":{"line":46,"column":111}},"23":{"start":{"line":47,"column":20},"end":{"line":47,"column":69}},"24":{"start":{"line":48,"column":20},"end":{"line":48,"column":61}},"25":{"start":{"line":51,"column":20},"end":{"line":51,"column":100}},"26":{"start":{"line":52,"column":20},"end":{"line":52,"column":41}},"27":{"start":{"line":56,"column":30},"end":{"line":56,"column":83}},"28":{"start":{"line":57,"column":12},"end":{"line":57,"column":37}},"29":{"start":{"line":58,"column":12},"end":{"line":61,"column":15}},"30":{"start":{"line":59,"column":29},"end":{"line":59,"column":63}},"31":{"start":{"line":60,"column":16},"end":{"line":60,"column":44}},"32":{"start":{"line":64,"column":25},"end":{"line":64,"column":54}},"33":{"start":{"line":65,"column":12},"end":{"line":65,"column":47}},"34":{"start":{"line":66,"column":12},"end":{"line":72,"column":2}},"35":{"start":{"line":73,"column":12},"end":{"line":73,"column":24}},"36":{"start":{"line":76,"column":26},"end":{"line":76,"column":65}},"37":{"start":{"line":77,"column":33},"end":{"line":77,"column":76}},"38":{"start":{"line":78,"column":12},"end":{"line":78,"column":42}},"39":{"start":{"line":79,"column":12},"end":{"line":79,"column":53}},"40":{"start":{"line":82,"column":12},"end":{"line":85,"column":15}}},"fnMap":{"0":{"name":"(anonymous_0)","decl":{"start":{"line":4,"column":4},"end":{"line":4,"column":5}},"loc":{"start":{"line":4,"column":11},"end":{"line":10,"column":5}},"line":4},"1":{"name":"(anonymous_1)","decl":{"start":{"line":12,"column":8},"end":{"line":12,"column":9}},"loc":{"start":{"line":12,"column":32},"end":{"line":14,"column":9}},"line":12},"2":{"name":"(anonymous_2)","decl":{"start":{"line":15,"column":8},"end":{"line":15,"column":9}},"loc":{"start":{"line":15,"column":40},"end":{"line":54,"column":9}},"line":15},"3":{"name":"(anonymous_3)","decl":{"start":{"line":30,"column":22},"end":{"line":30,"column":23}},"loc":{"start":{"line":30,"column":34},"end":{"line":49,"column":17}},"line":30},"4":{"name":"(anonymous_4)","decl":{"start":{"line":34,"column":52},"end":{"line":34,"column":53}},"loc":{"start":{"line":34,"column":63},"end":{"line":34,"column":84}},"line":34},"5":{"name":"(anonymous_5)","decl":{"start":{"line":50,"column":23},"end":{"line":50,"column":24}},"loc":{"start":{"line":50,"column":32},"end":{"line":53,"column":17}},"line":50},"6":{"name":"(anonymous_6)","decl":{"start":{"line":55,"column":8},"end":{"line":55,"column":9}},"loc":{"start":{"line":55,"column":42},"end":{"line":62,"column":9}},"line":55},"7":{"name":"(anonymous_7)","decl":{"start":{"line":58,"column":29},"end":{"line":58,"column":30}},"loc":{"start":{"line":58,"column":40},"end":{"line":61,"column":13}},"line":58},"8":{"name":"(anonymous_8)","decl":{"start":{"line":63,"column":8},"end":{"line":63,"column":9}},"loc":{"start":{"line":63,"column":38},"end":{"line":74,"column":9}},"line":63},"9":{"name":"(anonymous_9)","decl":{"start":{"line":75,"column":8},"end":{"line":75,"column":9}},"loc":{"start":{"line":75,"column":30},"end":{"line":80,"column":9}},"line":75},"10":{"name":"(anonymous_10)","decl":{"start":{"line":81,"column":8},"end":{"line":81,"column":9}},"loc":{"start":{"line":81,"column":40},"end":{"line":86,"column":9}},"line":81}},"branchMap":{"0":{"loc":{"start":{"line":16,"column":42},"end":{"line":16,"column":87}},"type":"binary-expr","locations":[{"start":{"line":16,"column":42},"end":{"line":16,"column":79}},{"start":{"line":16,"column":83},"end":{"line":16,"column":87}}],"line":16},"1":{"loc":{"start":{"line":17,"column":12},"end":{"line":22,"column":13}},"type":"if","locations":[{"start":{"line":17,"column":12},"end":{"line":22,"column":13}},{"start":{},"end":{}}],"line":17},"2":{"loc":{"start":{"line":23,"column":12},"end":{"line":26,"column":13}},"type":"if","locations":[{"start":{"line":23,"column":12},"end":{"line":26,"column":13}},{"start":{},"end":{}}],"line":23},"3":{"loc":{"start":{"line":37,"column":20},"end":{"line":43,"column":21}},"type":"if","locations":[{"start":{"line":37,"column":20},"end":{"line":43,"column":21}},{"start":{},"end":{}}],"line":37},"4":{"loc":{"start":{"line":67,"column":12},"end":{"line":67,"column":151}},"type":"cond-expr","locations":[{"start":{"line":67,"column":54},"end":{"line":67,"column":74}},{"start":{"line":67,"column":77},"end":{"line":67,"column":151}}],"line":67},"5":{"loc":{"start":{"line":67,"column":12},"end":{"line":67,"column":51}},"type":"binary-expr","locations":[{"start":{"line":67,"column":12},"end":{"line":67,"column":27}},{"start":{"line":67,"column":31},"end":{"line":67,"column":51}}],"line":67}},"s":{"0":11,"1":5,"2":5,"3":5,"4":1,"5":1,"6":1,"7":4,"8":1,"9":1,"10":3,"11":3,"12":3,"13":6,"14":3,"15":3,"16":2,"17":1,"18":1,"19":1,"20":1,"21":1,"22":1,"23":1,"24":1,"25":1,"26":1,"27":4,"28":4,"29":3,"30":5,"31":5,"32":7,"33":7,"34":7,"35":7,"36":4,"37":4,"38":4,"39":4,"40":5},"f":{"0":11,"1":5,"2":5,"3":3,"4":6,"5":1,"6":4,"7":5,"8":7,"9":4,"10":5},"b":{"0":[5,1],"1":[1,4],"2":[1,3],"3":[2,1],"4":[3,4],"5":[7,3]},"_coverageSchema":"1a1c01bbd47fc00a2c39e90264f33305004495a9","hash":"b789b6f4144f6c669acd39894c2118912f691b6a"}
}
