TN:
SF:src/Resources/assets/js/Pdf/generatePdf.js
FN:1,generatePDF
FN:7,(anonymous_1)
FN:32,createSVGImage
FN:115,(anonymous_3)
FN:120,(anonymous_4)
FN:156,(anonymous_5)
FN:157,(anonymous_6)
FN:166,(anonymous_7)
FN:180,(anonymous_8)
FN:180,(anonymous_9)
FN:212,(anonymous_10)
FNF:11
FNH:11
FNDA:15,generatePDF
FNDA:57,(anonymous_1)
FNDA:30,createSVGImage
FNDA:42,(anonymous_3)
FNDA:60,(anonymous_4)
FNDA:42,(anonymous_5)
FNDA:28,(anonymous_6)
FNDA:42,(anonymous_7)
FNDA:28,(anonymous_8)
FNDA:28,(anonymous_9)
FNDA:1,(anonymous_10)
DA:5,15
DA:6,15
DA:7,15
DA:8,57
DA:9,57
DA:10,57
DA:11,57
DA:13,15
DA:14,15
DA:16,15
DA:17,15
DA:18,15
DA:19,15
DA:20,15
DA:21,15
DA:22,15
DA:23,15
DA:24,3
DA:26,15
DA:27,3
DA:28,3
DA:29,3
DA:34,30
DA:35,30
DA:36,30
DA:37,30
DA:39,30
DA:40,30
DA:42,30
DA:43,30
DA:45,15
DA:46,15
DA:47,15
DA:50,15
DA:51,15
DA:52,15
DA:53,15
DA:55,30
DA:56,30
DA:57,30
DA:58,30
DA:61,15
DA:62,15
DA:63,15
DA:65,15
DA:66,15
DA:67,15
DA:68,15
DA:69,15
DA:71,15
DA:72,10
DA:73,10
DA:74,10
DA:75,10
DA:76,10
DA:77,10
DA:78,10
DA:79,10
DA:84,15
DA:85,15
DA:86,15
DA:87,15
DA:88,15
DA:90,15
DA:91,15
DA:92,15
DA:93,15
DA:94,15
DA:96,15
DA:98,15
DA:99,15
DA:100,15
DA:101,15
DA:102,15
DA:104,15
DA:105,15
DA:106,15
DA:107,15
DA:108,15
DA:109,15
DA:110,15
DA:112,15
DA:113,15
DA:115,15
DA:116,42
DA:117,42
DA:119,15
DA:120,15
DA:121,60
DA:122,30
DA:124,30
DA:125,30
DA:126,30
DA:127,30
DA:150,15
DA:151,15
DA:152,15
DA:153,15
DA:154,15
DA:155,15
DA:156,15
DA:157,42
DA:158,28
DA:166,15
DA:168,42
DA:175,28
DA:180,28
DA:217,1
DA:218,1
DA:219,1
DA:220,1
DA:245,28
DA:248,15
DA:249,15
LF:114
LH:114
BRDA:13,0,0,15
BRDA:13,0,1,5
BRDA:23,1,0,3
BRDA:23,1,1,12
BRDA:26,2,0,3
BRDA:26,2,1,12
BRDA:32,3,0,15
BRDA:43,4,0,15
BRDA:43,4,1,15
BRDA:71,5,0,10
BRDA:71,5,1,5
BRDA:100,6,0,15
BRDA:100,6,1,6
BRDA:107,7,0,12
BRDA:107,7,1,3
BRDA:121,8,0,30
BRDA:121,8,1,30
BRDA:168,9,0,14
BRDA:168,9,1,28
BRDA:180,10,0,28
BRDA:180,10,1,28
BRF:21
BRH:21
end_of_record
TN:
SF:src/Resources/assets/js/bladeScripts/navbarDesktop.js
FN:12,initializeCategoryMenu
FN:14,(anonymous_1)
FN:20,(anonymous_2)
FN:21,(anonymous_3)
FN:40,(anonymous_4)
FN:68,(anonymous_5)
FNF:6
FNH:6
FNDA:3,initializeCategoryMenu
FNDA:6,(anonymous_1)
FNDA:5,(anonymous_2)
FNDA:3,(anonymous_3)
FNDA:4,(anonymous_4)
FNDA:3,(anonymous_5)
DA:3,1
DA:5,1
DA:6,1
DA:7,1
DA:14,3
DA:15,6
DA:16,6
DA:17,6
DA:19,6
DA:20,5
DA:22,3
DA:23,3
DA:24,3
DA:25,3
DA:27,3
DA:28,1
DA:29,1
DA:30,1
DA:31,1
DA:32,1
DA:33,1
DA:34,1
DA:35,1
DA:36,1
DA:40,2
DA:42,4
DA:45,4
DA:46,4
DA:48,4
DA:49,4
DA:50,4
DA:53,4
DA:54,4
DA:55,4
DA:56,4
DA:60,4
DA:61,4
DA:64,4
DA:65,4
DA:69,3
DA:70,3
DA:71,3
DA:72,3
DA:74,3
DA:75,3
DA:76,3
DA:77,3
DA:79,3
DA:80,3
DA:81,3
DA:82,3
DA:83,3
DA:84,3
DA:85,3
DA:86,3
LF:55
LH:55
BRDA:6,0,0,1
BRDA:6,0,1,0
BRDA:27,1,0,1
BRDA:27,1,1,2
BRF:4
BRH:3
end_of_record
TN:
SF:src/Resources/assets/js/componenets/v-compare.js
FN:3,(anonymous_0)
FN:26,(anonymous_1)
FN:29,(anonymous_2)
FN:32,(anonymous_3)
FN:39,(anonymous_4)
FN:43,(anonymous_5)
FN:45,(anonymous_6)
FN:52,(anonymous_7)
FN:71,(anonymous_8)
FN:73,(anonymous_9)
FN:75,(anonymous_10)
FN:76,(anonymous_11)
FN:79,(anonymous_12)
FN:84,(anonymous_13)
FN:86,(anonymous_14)
FNF:15
FNH:13
FNDA:9,(anonymous_0)
FNDA:9,(anonymous_1)
FNDA:9,(anonymous_2)
FNDA:9,(anonymous_3)
FNDA:9,(anonymous_4)
FNDA:0,(anonymous_5)
FNDA:11,(anonymous_6)
FNDA:11,(anonymous_7)
FNDA:0,(anonymous_8)
FNDA:3,(anonymous_9)
FNDA:4,(anonymous_10)
FNDA:4,(anonymous_11)
FNDA:12,(anonymous_12)
FNDA:2,(anonymous_13)
FNDA:1,(anonymous_14)
DA:4,9
DA:27,9
DA:33,9
DA:34,9
DA:40,9
DA:41,9
DA:46,11
DA:47,11
DA:53,11
DA:54,11
DA:55,11
DA:56,11
DA:57,2
DA:59,11
DA:60,2
DA:62,11
DA:63,11
DA:64,11
DA:65,11
DA:66,11
DA:67,11
DA:68,11
DA:69,11
DA:74,3
DA:76,4
DA:77,4
DA:78,4
DA:79,12
DA:80,4
DA:85,2
DA:87,1
DA:88,1
DA:89,1
DA:93,1
LF:34
LH:34
BRDA:33,0,0,9
BRDA:33,0,1,6
BRDA:46,1,0,11
BRDA:46,1,1,6
BRDA:56,2,0,2
BRDA:56,2,1,9
BRDA:59,3,0,2
BRDA:59,3,1,9
BRDA:78,4,0,4
BRDA:78,4,1,0
BRF:10
BRH:9
end_of_record
TN:
SF:src/Resources/assets/js/componenets/v-product-card-compare.js
FN:4,(anonymous_0)
FN:12,(anonymous_1)
FN:15,(anonymous_2)
FN:30,(anonymous_3)
FN:34,(anonymous_4)
FN:50,(anonymous_5)
FN:55,(anonymous_6)
FN:58,(anonymous_7)
FN:63,(anonymous_8)
FN:75,(anonymous_9)
FN:81,(anonymous_10)
FNF:11
FNH:11
FNDA:11,(anonymous_0)
FNDA:5,(anonymous_1)
FNDA:5,(anonymous_2)
FNDA:3,(anonymous_3)
FNDA:6,(anonymous_4)
FNDA:1,(anonymous_5)
FNDA:4,(anonymous_6)
FNDA:5,(anonymous_7)
FNDA:7,(anonymous_8)
FNDA:4,(anonymous_9)
FNDA:5,(anonymous_10)
DA:5,11
DA:13,5
DA:16,5
DA:17,5
DA:18,1
DA:20,1
DA:21,1
DA:23,4
DA:24,1
DA:25,1
DA:27,3
DA:31,3
DA:34,6
DA:36,3
DA:37,3
DA:38,2
DA:39,1
DA:40,1
DA:42,1
DA:44,1
DA:45,1
DA:46,1
DA:47,1
DA:48,1
DA:51,1
DA:52,1
DA:56,4
DA:57,4
DA:58,3
DA:59,5
DA:60,5
DA:64,7
DA:65,7
DA:66,7
DA:73,7
DA:76,4
DA:77,4
DA:78,4
DA:79,4
DA:82,5
LF:40
LH:40
BRDA:16,0,0,5
BRDA:16,0,1,1
BRDA:17,1,0,1
BRDA:17,1,1,4
BRDA:23,2,0,1
BRDA:23,2,1,3
BRDA:37,3,0,2
BRDA:37,3,1,1
BRDA:67,4,0,3
BRDA:67,4,1,4
BRDA:67,5,0,7
BRDA:67,5,1,3
BRF:12
BRH:12
end_of_record
