TN:
SF:src/Resources/assets/js/Myjs/v-main.js
FN:15,(anonymous_0)
FN:18,(anonymous_1)
FN:26,(anonymous_2)
FN:33,(anonymous_3)
FN:40,(anonymous_4)
FNF:5
FNH:5
FNDA:11,(anonymous_0)
FNDA:2,(anonymous_1)
FNDA:2,(anonymous_2)
FNDA:2,(anonymous_3)
FNDA:2,(anonymous_4)
DA:15,1
DA:16,11
DA:17,11
DA:18,10
DA:19,2
DA:24,11
DA:25,11
DA:26,10
DA:27,2
DA:31,11
DA:32,11
DA:33,10
DA:34,2
DA:38,11
DA:39,11
DA:40,10
DA:41,2
DA:45,11
LF:18
LH:18
BRDA:17,0,0,10
BRDA:17,0,1,1
BRDA:25,1,0,10
BRDA:25,1,1,1
BRDA:32,2,0,10
BRDA:32,2,1,1
BRDA:39,3,0,10
BRDA:39,3,1,1
BRF:8
BRH:8
end_of_record
TN:
SF:src/Resources/assets/js/Myjs/v-modal.js
FN:6,showModal
FN:16,hideModal
FN:27,justSave
FN:31,(anonymous_3)
FN:35,(anonymous_4)
FN:82,validateStatus
FN:107,saveWithStatisInactive
FN:131,saveData
FN:150,initializeEventListeners
FN:156,(anonymous_9)
FN:160,(anonymous_10)
FNF:11
FNH:9
FNDA:2,showModal
FNDA:1,hideModal
FNDA:2,justSave
FNDA:2,(anonymous_3)
FNDA:2,(anonymous_4)
FNDA:3,validateStatus
FNDA:1,saveWithStatisInactive
FNDA:1,saveData
FNDA:1,initializeEventListeners
FNDA:0,(anonymous_9)
FNDA:0,(anonymous_10)
DA:7,2
DA:8,2
DA:9,2
DA:17,1
DA:18,1
DA:19,1
DA:28,2
DA:29,2
DA:31,2
DA:32,2
DA:35,2
DA:36,2
DA:39,2
DA:43,2
DA:45,2
DA:47,2
DA:48,1
DA:49,1
DA:50,1
DA:51,1
DA:52,1
DA:53,1
DA:57,2
DA:58,1
DA:59,1
DA:60,1
DA:61,1
DA:62,1
DA:65,2
DA:66,2
DA:68,2
DA:69,2
DA:71,2
DA:83,3
DA:85,3
DA:86,2
DA:87,2
DA:89,2
DA:90,1
DA:91,1
DA:92,1
DA:94,1
DA:95,1
DA:98,1
DA:99,1
DA:100,1
DA:108,1
DA:109,1
DA:111,1
DA:112,1
DA:113,1
DA:114,1
DA:115,1
DA:116,1
DA:118,1
DA:119,1
DA:120,1
DA:121,1
DA:124,1
DA:132,1
DA:133,1
DA:135,1
DA:137,1
DA:138,1
DA:139,1
DA:140,1
DA:143,1
DA:151,1
DA:152,1
DA:153,1
DA:155,1
DA:156,1
DA:157,0
DA:158,0
DA:160,1
DA:161,0
DA:162,0
DA:163,0
DA:167,1
DA:168,1
DA:169,1
DA:170,1
DA:171,1
DA:172,1
DA:173,1
DA:180,2
LF:86
LH:81
BRDA:8,0,0,2
BRDA:8,0,1,0
BRDA:18,1,0,1
BRDA:18,1,1,0
BRDA:47,2,0,1
BRDA:47,2,1,1
BRDA:57,3,0,1
BRDA:57,3,1,1
BRDA:85,4,0,2
BRDA:85,4,1,1
BRDA:89,5,0,1
BRDA:89,5,1,1
BRDA:113,6,0,1
BRDA:113,6,1,0
BRDA:113,7,0,1
BRDA:113,7,1,1
BRDA:120,8,0,1
BRDA:120,8,1,0
BRDA:137,9,0,1
BRDA:137,9,1,0
BRDA:137,10,0,1
BRDA:137,10,1,1
BRDA:139,11,0,1
BRDA:139,11,1,0
BRDA:155,12,0,1
BRDA:155,12,1,0
BRDA:155,13,0,1
BRDA:155,13,1,1
BRDA:168,14,0,1
BRDA:168,14,1,0
BRDA:170,15,0,1
BRDA:170,15,1,0
BRDA:172,16,0,1
BRDA:172,16,1,0
BRF:34
BRH:24
end_of_record
